<?xml version="1.0" encoding="UTF-8"?>
<!-- Generated by org.testng.reporters.JUnitReportReporter -->
<testsuite hostname="DESKTOP-GQU24M3" failures="0" tests="1" name="com.tripgain.testscripts.TC_157_VerifyAirlineFilterDeselection" time="95.470" errors="0" timestamp="2025-07-14T18:29:20 IST" skipped="0">
  <testcase classname="com.tripgain.testscripts.TC_157_VerifyAirlineFilterDeselection" name="myTest" time="95.470"/>
</testsuite> <!-- com.tripgain.testscripts.TC_157_VerifyAirlineFilterDeselection -->
