<?xml version="1.0" encoding="UTF-8"?>
<!-- Generated by org.testng.reporters.JUnitReportReporter -->
<testsuite hostname="DESKTOP-SEE9OFQ" failures="0" tests="1" name="com.tripgain.testscripts.TC_137_VerifyByChangingCurrency" time="99.949" errors="0" timestamp="2025-07-25T15:55:22 IST" skipped="0">
  <testcase classname="com.tripgain.testscripts.TC_137_VerifyByChangingCurrency" name="myTest" time="99.949"/>
</testsuite> <!-- com.tripgain.testscripts.TC_137_VerifyByChangingCurrency -->
