<?xml version="1.0" encoding="UTF-8"?>
<!-- Generated by org.testng.reporters.JUnitReportReporter -->
<testsuite hostname="DESKTOP-UAQDHCM" failures="0" tests="1" name="TestScripts_Oneway_RoundTrip.TC_02" time="64.827" errors="0" timestamp="2025-05-26T12:12:54 IST" skipped="0">
  <testcase classname="TestScripts_Oneway_RoundTrip.TC_02" name="myTest" time="64.827"/>
</testsuite> <!-- TestScripts_Oneway_RoundTrip.TC_02 -->
