<?xml version="1.0" encoding="UTF-8"?>
<!-- Generated by org.testng.reporters.JUnitReportReporter -->
<testsuite hostname="DESKTOP-8AOO0DG" failures="0" tests="1" name="com.tripgain.testscripts.TC_10_TripgainFlightVerifyUpDateInHorizentalDatePicker" time="31.496" errors="0" timestamp="2025-04-16T17:20:27 IST" skipped="0">
  <testcase classname="com.tripgain.testscripts.TC_10_TripgainFlightVerifyUpDateInHorizentalDatePicker" name="myTest" time="31.496"/>
</testsuite> <!-- com.tripgain.testscripts.TC_10_TripgainFlightVerifyUpDateInHorizentalDatePicker -->
