<?xml version="1.0" encoding="UTF-8"?>
<!-- Generated by org.testng.reporters.JUnitReportReporter -->
<testsuite hostname="DESKTOP-GQU24M3" failures="0" tests="1" name="com.tripgain.testscripts.RoundTrip.TC_17_VerifyAirlineSorting" time="102.578" errors="0" timestamp="2025-07-01T17:54:20 IST" skipped="0">
  <testcase classname="com.tripgain.testscripts.RoundTrip.TC_17_VerifyAirlineSorting" name="myTest" time="102.578"/>
</testsuite> <!-- com.tripgain.testscripts.RoundTrip.TC_17_VerifyAirlineSorting -->
