<?xml version="1.0" encoding="UTF-8"?>
<!-- Generated by org.testng.reporters.JUnitReportReporter -->
<testsuite hostname="DESKTOP-UAQDHCM" failures="0" tests="1" name="L1_L1GRADE.TC_023_L1_L1Grade_OutOfPolicy" time="111.803" errors="0" timestamp="2025-06-11T14:02:52 IST" skipped="0">
  <testcase classname="L1_L1GRADE.TC_023_L1_L1Grade_OutOfPolicy" name="myTest" time="111.803"/>
</testsuite> <!-- L1_L1GRADE.TC_023_L1_L1Grade_OutOfPolicy -->
