<?xml version="1.0" encoding="UTF-8"?>
<!-- Generated by org.testng.reporters.JUnitReportReporter -->
<testsuite hostname="DESKTOP-SEE9OFQ" failures="0" tests="1" name="com.tripgain.testscripts.RoundTrip.TC_16_VerifyClearFiltersFunctionality" time="128.454" errors="0" timestamp="2025-07-28T13:00:26 IST" skipped="0">
  <testcase classname="com.tripgain.testscripts.RoundTrip.TC_16_VerifyClearFiltersFunctionality" name="myTest" time="128.454"/>
</testsuite> <!-- com.tripgain.testscripts.RoundTrip.TC_16_VerifyClearFiltersFunctionality -->
