<?xml version="1.0" encoding="UTF-8"?>
<!-- Generated by org.testng.reporters.JUnitReportReporter -->
<testsuite hostname="DESKTOP-UAQDHCM" failures="0" tests="1" name="TestScripts_Oneway_RoundTrip.TC_06" time="83.981" errors="0" timestamp="2025-05-26T14:01:39 IST" skipped="0">
  <testcase classname="TestScripts_Oneway_RoundTrip.TC_06" name="myTest" time="83.981"/>
</testsuite> <!-- TestScripts_Oneway_RoundTrip.TC_06 -->
