<?xml version="1.0" encoding="UTF-8"?>
<!-- Generated by org.testng.reporters.JUnitReportReporter -->
<testsuite hostname="DESKTOP-GQU24M3" failures="0" tests="1" name="com.tripgain.testscripts.TC_150_VerifyOnwardDepartTime00_06Selection" time="110.522" errors="0" timestamp="2025-07-14T16:43:51 IST" skipped="0">
  <testcase classname="com.tripgain.testscripts.TC_150_VerifyOnwardDepartTime00_06Selection" name="myTest" time="110.522"/>
</testsuite> <!-- com.tripgain.testscripts.TC_150_VerifyOnwardDepartTime00_06Selection -->
