<?xml version="1.0" encoding="UTF-8"?>
<!-- Generated by org.testng.reporters.JUnitReportReporter -->
<testsuite hostname="DESKTOP-GQU24M3" failures="0" tests="1" name="com.tripgain.testscripts.TC_139_VerifyByChangingCurrency" time="95.090" errors="0" timestamp="2025-07-14T10:43:21 IST" skipped="0">
  <testcase classname="com.tripgain.testscripts.TC_139_VerifyByChangingCurrency" name="myTest" time="95.090"/>
</testsuite> <!-- com.tripgain.testscripts.TC_139_VerifyByChangingCurrency -->
