<?xml version="1.0" encoding="UTF-8"?>
<!-- Generated by org.testng.reporters.JUnitReportReporter -->
<testsuite hostname="DESKTOP-GQU24M3" failures="0" tests="1" name="com.tripgain.testscripts.TC_179_FareRulesForOneWay" time="91.180" errors="0" timestamp="2025-07-15T11:36:07 IST" skipped="0">
  <testcase classname="com.tripgain.testscripts.TC_179_FareRulesForOneWay" name="myTest" time="91.180"/>
</testsuite> <!-- com.tripgain.testscripts.TC_179_FareRulesForOneWay -->
