<?xml version="1.0" encoding="UTF-8"?>
<!-- Generated by org.testng.reporters.JUnitReportReporter -->
<testsuite hostname="DESKTOP-GQU24M3" failures="0" tests="1" name="com.tripgain.testscripts.TC_131_VerifyAirlineSorting" time="93.614" errors="0" timestamp="2025-07-14T10:29:46 IST" skipped="0">
  <testcase classname="com.tripgain.testscripts.TC_131_VerifyAirlineSorting" name="myTest" time="93.614"/>
</testsuite> <!-- com.tripgain.testscripts.TC_131_VerifyAirlineSorting -->
