<?xml version="1.0" encoding="UTF-8"?>
<!-- Generated by org.testng.reporters.JUnitReportReporter -->
<testsuite hostname="DESKTOP-SEE9OFQ" failures="0" tests="1" name="com.tripgain.testscripts.RoundTrip.TC_12_VerifytheSearchButtonFunctionality" time="55.515" errors="0" timestamp="2025-07-29T13:12:54 IST" skipped="0">
  <testcase classname="com.tripgain.testscripts.RoundTrip.TC_12_VerifytheSearchButtonFunctionality" name="myTest" time="55.515"/>
</testsuite> <!-- com.tripgain.testscripts.RoundTrip.TC_12_VerifytheSearchButtonFunctionality -->
