<?xml version="1.0" encoding="UTF-8"?>
<!-- Generated by org.testng.reporters.JUnitReportReporter -->
<testsuite hostname="DESKTOP-SEE9OFQ" failures="0" tests="1" name="com.tripgain.testscripts.Expenses.TCE_2_VerifyExpensesModule_AddMileage" time="102.188" errors="0" timestamp="2025-07-31T16:53:07 IST" skipped="0">
  <testcase classname="com.tripgain.testscripts.Expenses.TCE_2_VerifyExpensesModule_AddMileage" name="myTest" time="102.188"/>
</testsuite> <!-- com.tripgain.testscripts.Expenses.TCE_2_VerifyExpensesModule_AddMileage -->
