<?xml version="1.0" encoding="UTF-8"?>
<!-- Generated by org.testng.reporters.JUnitReportReporter -->
<testsuite hostname="DESKTOP-SEE9OFQ" failures="0" tests="1" name="com.tripgain.testscripts.RoundTrip.TC_74_ValidateDifferentFaresPrices" time="109.938" errors="0" timestamp="2025-07-16T18:10:32 IST" skipped="0">
  <testcase classname="com.tripgain.testscripts.RoundTrip.TC_74_ValidateDifferentFaresPrices" name="myTest" time="109.938"/>
</testsuite> <!-- com.tripgain.testscripts.RoundTrip.TC_74_ValidateDifferentFaresPrices -->
