<?xml version="1.0" encoding="UTF-8"?>
<!-- Generated by org.testng.reporters.JUnitReportReporter -->
<testsuite hostname="DESKTOP-UAQDHCM" failures="0" tests="1" name="TestScripts_Oneway_RoundTrip.TC_03" time="101.116" errors="0" timestamp="2025-05-26T13:25:20 IST" skipped="0">
  <testcase classname="TestScripts_Oneway_RoundTrip.TC_03" name="myTest" time="101.116"/>
</testsuite> <!-- TestScripts_Oneway_RoundTrip.TC_03 -->
