<?xml version="1.0" encoding="UTF-8"?>
<!-- Generated by org.testng.reporters.JUnitReportReporter -->
<testsuite hostname="DESKTOP-GQU24M3" failures="0" tests="1" name="com.tripgain.testscripts.RoundTrip.TC_31_VerifyOnwardsStopsFilter_1StopSelection" time="88.737" errors="0" timestamp="2025-07-09T16:28:04 IST" skipped="0">
  <testcase classname="com.tripgain.testscripts.RoundTrip.TC_31_VerifyOnwardsStopsFilter_1StopSelection" name="myTest" time="88.737"/>
</testsuite> <!-- com.tripgain.testscripts.RoundTrip.TC_31_VerifyOnwardsStopsFilter_1StopSelection -->
