<?xml version="1.0" encoding="UTF-8"?>
<!-- Generated by org.testng.reporters.JUnitReportReporter -->
<testsuite hostname="DESKTOP-GQU24M3" failures="0" tests="1" name="com.tripgain.testscripts.RoundTrip.TC_58_VerifyResetofAllFilters" time="129.886" errors="0" timestamp="2025-07-10T14:15:25 IST" skipped="0">
  <testcase classname="com.tripgain.testscripts.RoundTrip.TC_58_VerifyResetofAllFilters" name="myTest" time="129.886"/>
</testsuite> <!-- com.tripgain.testscripts.RoundTrip.TC_58_VerifyResetofAllFilters -->
