<?xml version="1.0" encoding="UTF-8"?>
<!-- Generated by org.testng.reporters.JUnitReportReporter -->
<testsuite hostname="DESKTOP-UAQDHCM" failures="0" tests="1" name="com.tripgain.testscripts.TC_124_OnewaySearchwithInternationaldestination" time="67.958" errors="0" timestamp="2025-07-01T01:49:46 IST" skipped="0">
  <testcase classname="com.tripgain.testscripts.TC_124_OnewaySearchwithInternationaldestination" name="myTest" time="67.958"/>
</testsuite> <!-- com.tripgain.testscripts.TC_124_OnewaySearchwithInternationaldestination -->
