<?xml version="1.0" encoding="UTF-8"?>
<!-- Generated by org.testng.reporters.JUnitReportReporter -->
<testsuite hostname="DESKTOP-GQU24M3" failures="0" tests="1" name="com.tripgain.testscripts.RoundTrip.TC_34_VerifyOnwardDepartTime00_06Selection" time="104.173" errors="0" timestamp="2025-07-10T14:12:01 IST" skipped="0">
  <testcase classname="com.tripgain.testscripts.RoundTrip.TC_34_VerifyOnwardDepartTime00_06Selection" name="myTest" time="104.173"/>
</testsuite> <!-- com.tripgain.testscripts.RoundTrip.TC_34_VerifyOnwardDepartTime00_06Selection -->
