<?xml version="1.0" encoding="UTF-8"?>
<!-- Generated by org.testng.reporters.JUnitReportReporter -->
<testsuite hostname="DESKTOP-UAQDHCM" failures="0" tests="1" name="com.tripgain.testscripts.TC_177_VerifyLayoverAirports" time="99.783" errors="0" timestamp="2025-05-21T18:32:17 IST" skipped="0">
  <testcase classname="com.tripgain.testscripts.TC_177_VerifyLayoverAirports" name="myTest" time="99.783"/>
</testsuite> <!-- com.tripgain.testscripts.TC_177_VerifyLayoverAirports -->
