<?xml version="1.0" encoding="UTF-8"?>
<!-- Generated by org.testng.reporters.JUnitReportReporter -->
<testsuite hostname="DESKTOP-SEE9OFQ" failures="0" tests="1" name="com.tripgain.testscripts.TripPlanner.TCTP_01_VerifyCompleteTripCreationWithAllServices" time="213.992" errors="0" timestamp="2025-08-13T14:34:53 IST" skipped="0">
  <testcase classname="com.tripgain.testscripts.TripPlanner.TCTP_01_VerifyCompleteTripCreationWithAllServices" name="myTest" time="213.992"/>
</testsuite> <!-- com.tripgain.testscripts.TripPlanner.TCTP_01_VerifyCompleteTripCreationWithAllServices -->
