<?xml version="1.0" encoding="UTF-8"?>
<!-- Generated by org.testng.reporters.JUnitReportReporter -->
<testsuite hostname="DESKTOP-GQU24M3" failures="0" tests="1" name="com.tripgain.testscripts.TC_163_ModifySearch" time="139.111" errors="0" timestamp="2025-07-14T19:05:35 IST" skipped="0">
  <testcase classname="com.tripgain.testscripts.TC_163_ModifySearch" name="myTest" time="139.111"/>
</testsuite> <!-- com.tripgain.testscripts.TC_163_ModifySearch -->
