<?xml version="1.0" encoding="UTF-8"?>
<!-- Generated by org.testng.reporters.JUnitReportReporter -->
<testsuite hostname="DESKTOP-UAQDHCM" failures="0" tests="1" name="com.tripgain.testscripts.RoundTrip.TC_2_Searchingforminimumtraveler1" time="47.288" errors="0" timestamp="2025-04-30T15:35:27 IST" skipped="0">
  <testcase classname="com.tripgain.testscripts.RoundTrip.TC_2_Searchingforminimumtraveler1" name="myTest" time="47.288"/>
</testsuite> <!-- com.tripgain.testscripts.RoundTrip.TC_2_Searchingforminimumtraveler1 -->
