<?xml version="1.0" encoding="UTF-8"?>
<!-- Generated by org.testng.reporters.JUnitReportReporter -->
<testsuite hostname="DESKTOP-SEE9OFQ" failures="0" tests="1" name="com.tripgain.testscripts.RoundTrip.TC_19_VerifyDurationTimeSorting" time="223.324" errors="0" timestamp="2025-07-28T13:00:19 IST" skipped="0">
  <testcase classname="com.tripgain.testscripts.RoundTrip.TC_19_VerifyDurationTimeSorting" name="myTest" time="223.324"/>
</testsuite> <!-- com.tripgain.testscripts.RoundTrip.TC_19_VerifyDurationTimeSorting -->
