<?xml version="1.0" encoding="UTF-8"?>
<!-- Generated by org.testng.reporters.JUnitReportReporter -->
<testsuite hostname="DESKTOP-GQU24M3" failures="0" tests="1" name="com.tripgain.testscripts.RoundTrip.TC_23_verifyCurrencyChange" time="87.763" errors="0" timestamp="2025-07-10T13:59:41 IST" skipped="0">
  <testcase classname="com.tripgain.testscripts.RoundTrip.TC_23_verifyCurrencyChange" name="myTest" time="87.763"/>
</testsuite> <!-- com.tripgain.testscripts.RoundTrip.TC_23_verifyCurrencyChange -->
