<?xml version="1.0" encoding="UTF-8"?>
<!-- Generated by org.testng.reporters.JUnitReportReporter -->
<testsuite hostname="DESKTOP-UAQDHCM" failures="0" tests="1" name="com.tripgain.testscripts.RoundTrip.TC_14_VerifyPriceFilterAdjustmentMinValue" time="73.796" errors="0" timestamp="2025-05-02T10:45:22 IST" skipped="0">
  <testcase classname="com.tripgain.testscripts.RoundTrip.TC_14_VerifyPriceFilterAdjustmentMinValue" name="myTest" time="73.796"/>
</testsuite> <!-- com.tripgain.testscripts.RoundTrip.TC_14_VerifyPriceFilterAdjustmentMinValue -->
