<?xml version="1.0" encoding="UTF-8"?>
<!-- Generated by org.testng.reporters.JUnitReportReporter -->
<testsuite hostname="DESKTOP-SEE9OFQ" failures="0" tests="1" name="com.tripgain.testscripts.TC_210_ComplexTestCase1_Oneway" time="139.800" errors="0" timestamp="2025-07-16T13:17:10 IST" skipped="0">
  <testcase classname="com.tripgain.testscripts.TC_210_ComplexTestCase1_Oneway" name="myTest" time="139.800"/>
</testsuite> <!-- com.tripgain.testscripts.TC_210_ComplexTestCase1_Oneway -->
