<?xml version="1.0" encoding="UTF-8"?>
<!-- Generated by org.testng.reporters.JUnitReportReporter -->
<testsuite hostname="DESKTOP-GQU24M3" failures="0" tests="1" name="com.tripgain.testscripts.TC_164_SwapSearch" time="93.589" errors="0" timestamp="2025-07-14T19:08:37 IST" skipped="0">
  <testcase classname="com.tripgain.testscripts.TC_164_SwapSearch" name="myTest" time="93.589"/>
</testsuite> <!-- com.tripgain.testscripts.TC_164_SwapSearch -->
