<?xml version="1.0" encoding="UTF-8"?>
<!-- Generated by org.testng.reporters.JUnitReportReporter -->
<testsuite hostname="DESKTOP-SEE9OFQ" failures="0" tests="1" name="com.tripgain.testscripts.Expenses.TCE_4_VerifyExpenseByCreatingReport" time="93.226" errors="0" timestamp="2025-07-31T18:45:55 IST" skipped="0">
  <testcase classname="com.tripgain.testscripts.Expenses.TCE_4_VerifyExpenseByCreatingReport" name="myTest" time="93.226"/>
</testsuite> <!-- com.tripgain.testscripts.Expenses.TCE_4_VerifyExpenseByCreatingReport -->
