<?xml version="1.0" encoding="UTF-8"?>
<!-- Generated by org.testng.reporters.JUnitReportReporter -->
<testsuite hostname="DESKTOP-SEE9OFQ" failures="0" tests="1" name="com.tripgain.testscripts.TC_211_ComplexTestCase2_Oneway" time="183.533" errors="0" timestamp="2025-07-16T13:25:53 IST" skipped="0">
  <testcase classname="com.tripgain.testscripts.TC_211_ComplexTestCase2_Oneway" name="myTest" time="183.533"/>
</testsuite> <!-- com.tripgain.testscripts.TC_211_ComplexTestCase2_Oneway -->
