<?xml version="1.0" encoding="UTF-8"?>
<!-- Generated by org.testng.reporters.JUnitReportReporter -->
<testsuite hostname="DESKTOP-8AOO0DG" failures="0" tests="1" name="com.tripgain.testscripts.TC_04_TripgainFlightDifferentDepartureDates" time="24.814" errors="0" timestamp="2025-04-16T15:29:50 IST" skipped="0">
  <testcase classname="com.tripgain.testscripts.TC_04_TripgainFlightDifferentDepartureDates" name="myTest" time="24.814"/>
</testsuite> <!-- com.tripgain.testscripts.TC_04_TripgainFlightDifferentDepartureDates -->
