<?xml version="1.0" encoding="UTF-8"?>
<!-- Generated by org.testng.reporters.JUnitReportReporter -->
<testsuite hostname="DESKTOP-SEE9OFQ" failures="0" tests="1" name="com.tripgain.testscripts.RoundTrip.TC_1_VerifyRoundTripFlightSearch" time="61.291" errors="0" timestamp="2025-07-28T13:49:54 IST" skipped="0">
  <testcase classname="com.tripgain.testscripts.RoundTrip.TC_1_VerifyRoundTripFlightSearch" name="myTest" time="61.291"/>
</testsuite> <!-- com.tripgain.testscripts.RoundTrip.TC_1_VerifyRoundTripFlightSearch -->
