<?xml version="1.0" encoding="UTF-8"?>
<!-- Generated by org.testng.reporters.JUnitReportReporter -->
<testsuite hostname="DESKTOP-8AOO0DG" failures="0" tests="1" name="com.tripgain.testscripts.TC_07_TripgainFlightMaximumAdults" time="32.160" errors="0" timestamp="2025-04-16T16:28:21 IST" skipped="0">
  <testcase classname="com.tripgain.testscripts.TC_07_TripgainFlightMaximumAdults" name="myTest" time="32.160"/>
</testsuite> <!-- com.tripgain.testscripts.TC_07_TripgainFlightMaximumAdults -->
