<?xml version="1.0" encoding="UTF-8"?>
<!-- Generated by org.testng.reporters.JUnitReportReporter -->
<testsuite hostname="DESKTOP-UAQDHCM" failures="0" tests="1" name="L1_L1GRADE.TC_024_L1_L1Grade_OutOfPolicy" time="122.148" errors="0" timestamp="2025-06-11T15:22:38 IST" skipped="0">
  <testcase classname="L1_L1GRADE.TC_024_L1_L1Grade_OutOfPolicy" name="myTest" time="122.148"/>
</testsuite> <!-- L1_L1GRADE.TC_024_L1_L1Grade_OutOfPolicy -->
