<?xml version="1.0" encoding="UTF-8"?>
<!-- Generated by org.testng.reporters.JUnitReportReporter -->
<testsuite hostname="DESKTOP-SEE9OFQ" failures="0" tests="1" name="com.tripgain.testscripts.TC_213_ComplexTestCase4_Oneway" time="176.999" errors="0" timestamp="2025-07-16T13:30:39 IST" skipped="0">
  <testcase classname="com.tripgain.testscripts.TC_213_ComplexTestCase4_Oneway" name="myTest" time="176.999"/>
</testsuite> <!-- com.tripgain.testscripts.TC_213_ComplexTestCase4_Oneway -->
