<?xml version="1.0" encoding="UTF-8"?>
<!-- Generated by org.testng.reporters.JUnitReportReporter -->
<testsuite hostname="DESKTOP-GQU24M3" failures="0" tests="1" name="com.tripgain.testscripts.RoundTrip.TC_33_VerifyOnwardsStopsFilterDeselection" time="90.924" errors="0" timestamp="2025-07-10T14:05:46 IST" skipped="0">
  <testcase classname="com.tripgain.testscripts.RoundTrip.TC_33_VerifyOnwardsStopsFilterDeselection" name="myTest" time="90.924"/>
</testsuite> <!-- com.tripgain.testscripts.RoundTrip.TC_33_VerifyOnwardsStopsFilterDeselection -->
