<?xml version="1.0" encoding="UTF-8"?>
<!-- Generated by org.testng.reporters.JUnitReportReporter -->
<testsuite hostname="DESKTOP-SEE9OFQ" failures="0" tests="1" name="com.tripgain.testscripts.RoundTrip.TC_68_SwapSearch" time="84.883" errors="0" timestamp="2025-07-29T14:17:09 IST" skipped="0">
  <testcase classname="com.tripgain.testscripts.RoundTrip.TC_68_SwapSearch" name="myTest" time="84.883"/>
</testsuite> <!-- com.tripgain.testscripts.RoundTrip.TC_68_SwapSearch -->
