<?xml version="1.0" encoding="UTF-8"?>
<!-- Generated by org.testng.reporters.JUnitReportReporter -->
<testsuite hostname="DESKTOP-GQU24M3" failures="0" tests="1" name="com.tripgain.testscripts.RoundTrip.TC_29_VerifyUnCheckInRefundableFareFilterSelection" time="92.369" errors="0" timestamp="2025-07-09T16:28:04 IST" skipped="0">
  <testcase classname="com.tripgain.testscripts.RoundTrip.TC_29_VerifyUnCheckInRefundableFareFilterSelection" name="myTest" time="92.369"/>
</testsuite> <!-- com.tripgain.testscripts.RoundTrip.TC_29_VerifyUnCheckInRefundableFareFilterSelection -->
