<?xml version="1.0" encoding="UTF-8"?>
<!-- Generated by org.testng.reporters.JUnitReportReporter -->
<testsuite hostname="DESKTOP-SEE9OFQ" failures="0" tests="1" name="com.tripgain.testscripts.Expenses.TCE_5_VerifyExpenseByCreatingReport_MonthlyAllowanceReimbursementReport" time="94.834" errors="0" timestamp="2025-07-31T19:02:40 IST" skipped="0">
  <testcase classname="com.tripgain.testscripts.Expenses.TCE_5_VerifyExpenseByCreatingReport_MonthlyAllowanceReimbursementReport" name="myTest" time="94.834"/>
</testsuite> <!-- com.tripgain.testscripts.Expenses.TCE_5_VerifyExpenseByCreatingReport_MonthlyAllowanceReimbursementReport -->
