<?xml version="1.0" encoding="UTF-8"?>
<!-- Generated by org.testng.reporters.JUnitReportReporter -->
<testsuite hostname="DESKTOP-UAQDHCM" failures="0" tests="1" name="com.tripgain.testscripts.TC_205_TripgainLogin" time="5.912" errors="0" timestamp="2025-07-01T01:49:46 IST" skipped="0">
  <testcase classname="com.tripgain.testscripts.TC_205_TripgainLogin" name="myTest" time="5.912"/>
</testsuite> <!-- com.tripgain.testscripts.TC_205_TripgainLogin -->
