<?xml version="1.0" encoding="UTF-8"?>
<!-- Generated by org.testng.reporters.JUnitReportReporter -->
<testsuite hostname="DESKTOP-UAQDHCM" failures="0" tests="1" name="com.tripgain.testscripts.RoundTrip.TC_5_VerifyTravellerLimitMax9Adults" time="58.166" errors="0" timestamp="2025-06-27T13:40:53 IST" skipped="0">
  <testcase classname="com.tripgain.testscripts.RoundTrip.TC_5_VerifyTravellerLimitMax9Adults" name="myTest" time="58.166"/>
</testsuite> <!-- com.tripgain.testscripts.RoundTrip.TC_5_VerifyTravellerLimitMax9Adults -->
