<?xml version="1.0" encoding="UTF-8"?>
<!-- Generated by org.testng.reporters.JUnitReportReporter -->
<testsuite hostname="DESKTOP-GQU24M3" failures="0" tests="1" name="com.tripgain.testscripts.RoundTrip.TC_22_verifyDefaultCurrency" time="77.945" errors="0" timestamp="2025-07-10T13:37:09 IST" skipped="0">
  <testcase classname="com.tripgain.testscripts.RoundTrip.TC_22_verifyDefaultCurrency" name="myTest" time="77.945"/>
</testsuite> <!-- com.tripgain.testscripts.RoundTrip.TC_22_verifyDefaultCurrency -->
