<?xml version="1.0" encoding="UTF-8"?>
<!-- Generated by org.testng.reporters.JUnitReportReporter -->
<testsuite hostname="DESKTOP-GQU24M3" failures="0" tests="1" name="com.tripgain.testscripts.TC_156_VerifyAirlineFilterSelection_MultipleAirlines" time="99.241" errors="0" timestamp="2025-07-14T17:23:15 IST" skipped="0">
  <testcase classname="com.tripgain.testscripts.TC_156_VerifyAirlineFilterSelection_MultipleAirlines" name="myTest" time="99.241"/>
</testsuite> <!-- com.tripgain.testscripts.TC_156_VerifyAirlineFilterSelection_MultipleAirlines -->
