<?xml version="1.0" encoding="UTF-8"?>
<!-- Generated by org.testng.reporters.JUnitReportReporter -->
<testsuite hostname="DESKTOP-SEE9OFQ" failures="0" tests="1" name="com.tripgain.testscripts.RoundTrip.TC_93_EntireTestcasesCode2" time="113.543" errors="0" timestamp="2025-07-16T17:14:35 IST" skipped="0">
  <testcase classname="com.tripgain.testscripts.RoundTrip.TC_93_EntireTestcasesCode2" name="myTest" time="113.543"/>
</testsuite> <!-- com.tripgain.testscripts.RoundTrip.TC_93_EntireTestcasesCode2 -->
