<?xml version="1.0" encoding="UTF-8"?>
<!-- Generated by org.testng.reporters.JUnitReportReporter -->
<testsuite hostname="DESKTOP-GQU24M3" failures="0" tests="1" name="com.tripgain.testscripts.RoundTrip.TC_61_verifyAirlineFilterDeselection" time="88.705" errors="0" timestamp="2025-07-10T14:18:21 IST" skipped="0">
  <testcase classname="com.tripgain.testscripts.RoundTrip.TC_61_verifyAirlineFilterDeselection" name="myTest" time="88.705"/>
</testsuite> <!-- com.tripgain.testscripts.RoundTrip.TC_61_verifyAirlineFilterDeselection -->
