<?xml version="1.0" encoding="UTF-8"?>
<!-- Generated by org.testng.reporters.JUnitReportReporter -->
<testsuite hostname="DESKTOP-UAQDHCM" failures="0" tests="1" name="com.tripgain.testscripts.RoundTrip.TC_74_ValidateDifferentFares" time="70.447" errors="0" timestamp="2025-06-12T13:21:34 IST" skipped="0">
  <testcase classname="com.tripgain.testscripts.RoundTrip.TC_74_ValidateDifferentFares" name="myTest" time="70.447"/>
</testsuite> <!-- com.tripgain.testscripts.RoundTrip.TC_74_ValidateDifferentFares -->
