<?xml version="1.0" encoding="UTF-8"?>
<!-- Generated by org.testng.reporters.JUnitReportReporter -->
<testsuite hostname="DESKTOP-UAQDHCM" failures="0" tests="1" name="com.tripgain.testscripts.TC_122_TravelerSelectionFunctionality" time="73.066" errors="0" timestamp="2025-07-01T01:49:46 IST" skipped="0">
  <testcase classname="com.tripgain.testscripts.TC_122_TravelerSelectionFunctionality" name="myTest" time="73.066"/>
</testsuite> <!-- com.tripgain.testscripts.TC_122_TravelerSelectionFunctionality -->
