<?xml version="1.0" encoding="UTF-8"?>
<!-- Generated by org.testng.reporters.JUnitReportReporter -->
<testsuite hostname="DESKTOP-UAQDHCM" failures="0" tests="1" name="L1_L1GRADE.TC_022_L1_L1Grade_OutOfPolicy" time="121.261" errors="0" timestamp="2025-06-11T13:44:13 IST" skipped="0">
  <testcase classname="L1_L1GRADE.TC_022_L1_L1Grade_OutOfPolicy" name="myTest" time="121.261"/>
</testsuite> <!-- L1_L1GRADE.TC_022_L1_L1Grade_OutOfPolicy -->
