<?xml version="1.0" encoding="UTF-8"?>
<!-- Generated by org.testng.reporters.JUnitReportReporter -->
<testsuite hostname="DESKTOP-8AOO0DG" failures="0" tests="1" name="com.tripgain.testscripts.TC_01_TripgainLogin" time="19.158" errors="0" timestamp="2025-04-16T11:39:38 IST" skipped="0">
  <testcase classname="com.tripgain.testscripts.TC_01_TripgainLogin" name="myTest" time="19.158"/>
</testsuite> <!-- com.tripgain.testscripts.TC_01_TripgainLogin -->
