<?xml version="1.0" encoding="UTF-8"?>
<!-- Generated by org.testng.reporters.JUnitReportReporter -->
<testsuite hostname="DESKTOP-SEE9OFQ" failures="0" tests="1" name="com.tripgain.testscripts.RoundTrip.TC_87_Validatepickingseats" time="185.277" errors="0" timestamp="2025-07-29T16:19:54 IST" skipped="0">
  <testcase classname="com.tripgain.testscripts.RoundTrip.TC_87_Validatepickingseats" name="myTest" time="185.277"/>
</testsuite> <!-- com.tripgain.testscripts.RoundTrip.TC_87_Validatepickingseats -->
