<?xml version="1.0" encoding="UTF-8"?>
<!-- Generated by org.testng.reporters.JUnitReportReporter -->
<testsuite hostname="DESKTOP-GQU24M3" failures="0" tests="1" name="com.tripgain.testscripts.TC_148_VerifyStopsFilter_1StopSelection" time="91.482" errors="0" timestamp="2025-07-14T10:55:03 IST" skipped="0">
  <testcase classname="com.tripgain.testscripts.TC_148_VerifyStopsFilter_1StopSelection" name="myTest" time="91.482"/>
</testsuite> <!-- com.tripgain.testscripts.TC_148_VerifyStopsFilter_1StopSelection -->
