<?xml version="1.0" encoding="UTF-8"?>
<!-- Generated by org.testng.reporters.JUnitReportReporter -->
<testsuite hostname="DESKTOP-8AOO0DG" failures="0" tests="1" name="com.tripgain.testscripts.TC_11_TripgainFlightVerifyDefaultPriceRangeInPriceSlider" time="33.629" errors="0" timestamp="2025-04-17T10:23:42 IST" skipped="0">
  <testcase classname="com.tripgain.testscripts.TC_11_TripgainFlightVerifyDefaultPriceRangeInPriceSlider" name="myTest" time="33.629"/>
</testsuite> <!-- com.tripgain.testscripts.TC_11_TripgainFlightVerifyDefaultPriceRangeInPriceSlider -->
