<?xml version="1.0" encoding="UTF-8"?>
<!-- Generated by org.testng.reporters.JUnitReportReporter -->
<testsuite hostname="DESKTOP-GQU24M3" failures="0" tests="1" name="com.tripgain.testscripts.RoundTrip.TC_35_VerifyOnwardDepartTime06_12Selection" time="110.282" errors="0" timestamp="2025-07-09T16:28:04 IST" skipped="0">
  <testcase classname="com.tripgain.testscripts.RoundTrip.TC_35_VerifyOnwardDepartTime06_12Selection" name="myTest" time="110.282"/>
</testsuite> <!-- com.tripgain.testscripts.RoundTrip.TC_35_VerifyOnwardDepartTime06_12Selection -->
