<?xml version="1.0" encoding="UTF-8"?>
<!-- Generated by org.testng.reporters.JUnitReportReporter -->
<testsuite hostname="DESKTOP-SEE9OFQ" failures="0" tests="1" name="com.tripgain.testscripts.Expenses.TCE_3_VerifyExpensesModule_Automate" time="75.066" errors="0" timestamp="2025-07-31T16:22:09 IST" skipped="0">
  <testcase classname="com.tripgain.testscripts.Expenses.TCE_3_VerifyExpensesModule_Automate" name="myTest" time="75.066"/>
</testsuite> <!-- com.tripgain.testscripts.Expenses.TCE_3_VerifyExpensesModule_Automate -->
