<?xml version="1.0" encoding="UTF-8"?>
<!-- Generated by org.testng.reporters.JUnitReportReporter -->
<testsuite hostname="DESKTOP-8AOO0DG" failures="0" tests="2" name="com.tripgain.testscripts.TC_01_TripgainRegisteration" time="22.837" errors="0" timestamp="2025-04-16T11:57:17 IST" skipped="0">
  <testcase classname="com.tripgain.testscripts.TC_01_TripgainRegisteration" name="myTest" time="11.013"/>
  <testcase classname="com.tripgain.testscripts.TC_01_TripgainRegisteration" name="myTest" time="11.824"/>
</testsuite> <!-- com.tripgain.testscripts.TC_01_TripgainRegisteration -->
