<?xml version="1.0" encoding="UTF-8"?>
<!-- Generated by org.testng.reporters.JUnitReportReporter -->
<testsuite hostname="DESKTOP-SEE9OFQ" failures="0" tests="1" name="com.tripgain.testscripts.RoundTrip.TC_91_ValidateProjectDetails" time="105.440" errors="0" timestamp="2025-07-29T16:08:06 IST" skipped="0">
  <testcase classname="com.tripgain.testscripts.RoundTrip.TC_91_ValidateProjectDetails" name="myTest" time="105.440"/>
</testsuite> <!-- com.tripgain.testscripts.RoundTrip.TC_91_ValidateProjectDetails -->
