<?xml version="1.0" encoding="UTF-8"?>
<!-- Generated by org.testng.reporters.JUnitReportReporter -->
<testsuite hostname="DESKTOP-SEE9OFQ" failures="0" tests="1" name="com.tripgain.testscripts.RoundTrip.TC_13_VerifyDefaultPricerange" time="78.509" errors="0" timestamp="2025-07-28T13:00:19 IST" skipped="0">
  <testcase classname="com.tripgain.testscripts.RoundTrip.TC_13_VerifyDefaultPricerange" name="myTest" time="78.509"/>
</testsuite> <!-- com.tripgain.testscripts.RoundTrip.TC_13_VerifyDefaultPricerange -->
