<?xml version="1.0" encoding="UTF-8"?>
<!-- Generated by org.testng.reporters.JUnitReportReporter -->
<testsuite hostname="DESKTOP-UAQDHCM" failures="0" tests="1" name="com.tripgain.testscripts.TC_191_ValidatePickingSeats" time="165.723" errors="0" timestamp="2025-06-20T13:46:23 IST" skipped="0">
  <testcase classname="com.tripgain.testscripts.TC_191_ValidatePickingSeats" name="myTest" time="165.723"/>
</testsuite> <!-- com.tripgain.testscripts.TC_191_ValidatePickingSeats -->
