<?xml version="1.0" encoding="UTF-8"?>
<!-- Generated by org.testng.reporters.JUnitReportReporter -->
<testsuite hostname="DESKTOP-SEE9OFQ" failures="0" tests="1" name="com.tripgain.testscripts.RoundTrip.TC_67_ModifySearch" time="127.627" errors="0" timestamp="2025-07-29T16:25:27 IST" skipped="0">
  <testcase classname="com.tripgain.testscripts.RoundTrip.TC_67_ModifySearch" name="myTest" time="127.627"/>
</testsuite> <!-- com.tripgain.testscripts.RoundTrip.TC_67_ModifySearch -->
