<?xml version="1.0" encoding="UTF-8"?>
<!-- Generated by org.testng.reporters.JUnitReportReporter -->
<testsuite hostname="DESKTOP-UAQDHCM" failures="0" tests="1" name="TestScripts_Oneway_RoundTrip.TC_08" time="80.925" errors="0" timestamp="2025-05-26T15:41:50 IST" skipped="0">
  <testcase classname="TestScripts_Oneway_RoundTrip.TC_08" name="myTest" time="80.925"/>
</testsuite> <!-- TestScripts_Oneway_RoundTrip.TC_08 -->
