<?xml version="1.0" encoding="UTF-8"?>
<!-- Generated by org.testng.reporters.JUnitReportReporter -->
<testsuite hostname="DESKTOP-GQU24M3" failures="0" tests="1" name="com.tripgain.testscripts.TC_155_VerifyAirlineFilterSelection_SingleAirline" time="93.819" errors="0" timestamp="2025-07-14T17:06:19 IST" skipped="0">
  <testcase classname="com.tripgain.testscripts.TC_155_VerifyAirlineFilterSelection_SingleAirline" name="myTest" time="93.819"/>
</testsuite> <!-- com.tripgain.testscripts.TC_155_VerifyAirlineFilterSelection_SingleAirline -->
