<?xml version="1.0" encoding="UTF-8"?>
<!-- Generated by org.testng.reporters.JUnitReportReporter -->
<testsuite hostname="DESKTOP-8AOO0DG" failures="0" tests="1" name="com.tripgain.testscripts.TC_05_TripgainFlightDifferentAdults" time="27.718" errors="0" timestamp="2025-04-16T15:46:10 IST" skipped="0">
  <testcase classname="com.tripgain.testscripts.TC_05_TripgainFlightDifferentAdults" name="myTest" time="27.718"/>
</testsuite> <!-- com.tripgain.testscripts.TC_05_TripgainFlightDifferentAdults -->
