<?xml version="1.0" encoding="UTF-8"?>
<!-- Generated by org.testng.reporters.JUnitReportReporter -->
<testsuite hostname="DESKTOP-SEE9OFQ" failures="0" tests="1" name="com.tripgain.testscripts.RoundTrip.TC_30_VerifyOnwardsStopsFilter_0StopsSelection" time="74.254" errors="0" timestamp="2025-07-29T13:12:54 IST" skipped="0">
  <testcase classname="com.tripgain.testscripts.RoundTrip.TC_30_VerifyOnwardsStopsFilter_0StopsSelection" name="myTest" time="74.254"/>
</testsuite> <!-- com.tripgain.testscripts.RoundTrip.TC_30_VerifyOnwardsStopsFilter_0StopsSelection -->
