<?xml version="1.0" encoding="UTF-8"?>
<!-- Generated by org.testng.reporters.JUnitReportReporter -->
<testsuite hostname="DESKTOP-GQU24M3" failures="0" tests="1" name="com.tripgain.testscripts.TC_128_PricefilteradjustMinValue" time="86.453" errors="0" timestamp="2025-07-14T10:21:21 IST" skipped="0">
  <testcase classname="com.tripgain.testscripts.TC_128_PricefilteradjustMinValue" name="myTest" time="86.453"/>
</testsuite> <!-- com.tripgain.testscripts.TC_128_PricefilteradjustMinValue -->
