<?xml version="1.0" encoding="UTF-8"?>
<!-- Generated by org.testng.reporters.JUnitReportReporter -->
<testsuite hostname="DESKTOP-SEE9OFQ" failures="0" tests="1" name="com.tripgain.testscripts.RoundTrip.TC_78_Verifyproceedtobuttonfuntionality" time="82.737" errors="0" timestamp="2025-07-29T14:17:09 IST" skipped="0">
  <testcase classname="com.tripgain.testscripts.RoundTrip.TC_78_Verifyproceedtobuttonfuntionality" name="myTest" time="82.737"/>
</testsuite> <!-- com.tripgain.testscripts.RoundTrip.TC_78_Verifyproceedtobuttonfuntionality -->
