<?xml version="1.0" encoding="UTF-8"?>
<!-- Generated by org.testng.reporters.JUnitReportReporter -->
<testsuite hostname="DESKTOP-8AOO0DG" failures="0" tests="1" name="com.tripgain.testscripts.TC_06_TripgainFlightAdults" time="28.270" errors="0" timestamp="2025-04-16T15:54:03 IST" skipped="0">
  <testcase classname="com.tripgain.testscripts.TC_06_TripgainFlightAdults" name="myTest" time="28.270"/>
</testsuite> <!-- com.tripgain.testscripts.TC_06_TripgainFlightAdults -->
