<?xml version="1.0" encoding="UTF-8"?>
<!-- Generated by org.testng.reporters.JUnitReportReporter -->
<testsuite hostname="DESKTOP-SEE9OFQ" failures="0" tests="1" name="com.tripgain.testscripts.RoundTrip.TC_2_Searchingforminimumtraveler" time="55.890" errors="0" timestamp="2025-07-28T13:49:54 IST" skipped="0">
  <testcase classname="com.tripgain.testscripts.RoundTrip.TC_2_Searchingforminimumtraveler" name="myTest" time="55.890"/>
</testsuite> <!-- com.tripgain.testscripts.RoundTrip.TC_2_Searchingforminimumtraveler -->
