<?xml version="1.0" encoding="UTF-8"?>
<!-- Generated by org.testng.reporters.JUnitReportReporter -->
<testsuite hostname="DESKTOP-SEE9OFQ" failures="0" tests="1" name="com.tripgain.testscripts.RoundTrip.TC_94_EntireTestcasesCode3" time="172.548" errors="0" timestamp="2025-07-16T18:27:44 IST" skipped="0">
  <testcase classname="com.tripgain.testscripts.RoundTrip.TC_94_EntireTestcasesCode3" name="myTest" time="172.548"/>
</testsuite> <!-- com.tripgain.testscripts.RoundTrip.TC_94_EntireTestcasesCode3 -->
