<?xml version="1.0" encoding="UTF-8"?>
<!-- Generated by org.testng.reporters.JUnitReportReporter -->
<testsuite hostname="DESKTOP-GQU24M3" failures="0" tests="1" name="com.tripgain.testscripts.TC_146_VerifyUncheckingRefundableFareFilterSelection" time="103.483" errors="0" timestamp="2025-07-14T10:55:03 IST" skipped="0">
  <testcase classname="com.tripgain.testscripts.TC_146_VerifyUncheckingRefundableFareFilterSelection" name="myTest" time="103.483"/>
</testsuite> <!-- com.tripgain.testscripts.TC_146_VerifyUncheckingRefundableFareFilterSelection -->
