<?xml version="1.0" encoding="UTF-8"?>
<!-- Generated by org.testng.reporters.JUnitReportReporter -->
<testsuite hostname="DESKTOP-UAQDHCM" failures="0" tests="1" name="com.tripgain.testscripts.TC_168_BookingusingFutureyears" time="77.766" errors="0" timestamp="2025-07-01T01:49:46 IST" skipped="0">
  <testcase classname="com.tripgain.testscripts.TC_168_BookingusingFutureyears" name="myTest" time="77.766"/>
</testsuite> <!-- com.tripgain.testscripts.TC_168_BookingusingFutureyears -->
