<?xml version="1.0" encoding="UTF-8"?>
<!-- Generated by org.testng.reporters.JUnitReportReporter -->
<testsuite hostname="DESKTOP-UAQDHCM" failures="0" tests="1" name="com.tripgain.testscripts.TC_186_verifyBlankFirstName" time="119.479" errors="0" timestamp="2025-07-01T01:49:46 IST" skipped="0">
  <testcase classname="com.tripgain.testscripts.TC_186_verifyBlankFirstName" name="myTest" time="119.479"/>
</testsuite> <!-- com.tripgain.testscripts.TC_186_verifyBlankFirstName -->
