<?xml version="1.0" encoding="UTF-8"?>
<!-- Generated by org.testng.reporters.JUnitReportReporter -->
<testsuite hostname="DESKTOP-UAQDHCM" failures="0" tests="1" name="com.tripgain.testscripts.TC_165_SuccessfulLogin" time="3.675" errors="0" timestamp="2025-05-16T19:09:57 IST" skipped="0">
  <testcase classname="com.tripgain.testscripts.TC_165_SuccessfulLogin" name="myTest" time="3.675"/>
</testsuite> <!-- com.tripgain.testscripts.TC_165_SuccessfulLogin -->
