<?xml version="1.0" encoding="UTF-8"?>
<!-- Generated by org.testng.reporters.JUnitReportReporter -->
<testsuite hostname="DESKTOP-GQU24M3" failures="0" tests="1" name="com.tripgain.testscripts.RoundTrip.TC_80_Verifybacktosearchresultfunctionality" time="126.099" errors="0" timestamp="2025-07-10T16:14:19 IST" skipped="0">
  <testcase classname="com.tripgain.testscripts.RoundTrip.TC_80_Verifybacktosearchresultfunctionality" name="myTest" time="126.099"/>
</testsuite> <!-- com.tripgain.testscripts.RoundTrip.TC_80_Verifybacktosearchresultfunctionality -->
