<?xml version="1.0" encoding="UTF-8"?>
<!-- Generated by org.testng.reporters.JUnitReportReporter -->
<testsuite hostname="DESKTOP-UAQDHCM" failures="0" tests="1" name="com.tripgain.testscripts.TC_119_OnewayFlightSearch" time="68.585" errors="0" timestamp="2025-05-22T11:45:01 IST" skipped="0">
  <testcase classname="com.tripgain.testscripts.TC_119_OnewayFlightSearch" name="myTest" time="68.585"/>
</testsuite> <!-- com.tripgain.testscripts.TC_119_OnewayFlightSearch -->
