<?xml version="1.0" encoding="UTF-8"?>
<!-- Generated by org.testng.reporters.JUnitReportReporter -->
<testsuite hostname="DESKTOP-UAQDHCM" failures="0" tests="1" name="L2_L2GRADE_ROUNDTRIP.TC_055_L2_L2Grade_InPolicy" time="111.352" errors="0" timestamp="2025-06-12T12:41:18 IST" skipped="0">
  <testcase classname="L2_L2GRADE_ROUNDTRIP.TC_055_L2_L2Grade_InPolicy" name="myTest" time="111.352"/>
</testsuite> <!-- L2_L2GRADE_ROUNDTRIP.TC_055_L2_L2Grade_InPolicy -->
